0 sorting, 0 num: 0, 0 
0 sorting, 1 num: 0, 0 
0 sorting, 2 num: 1, 1 
0 sorting, 3 num: 2, 3 
0 sorting, 4 num: 3, 6 
0 sorting, 5 num: 3, 10 
0 sorting, 6 num: 8, 15 
0 sorting, 7 num: 13, 21 
0 sorting, 8 num: 17, 28 
0 sorting, 9 num: 24, 36 
0 sorting, 10 num: 29, 45 
0 sorting, 11 num: 35, 55 
0 sorting, 12 num: 40, 66 
0 sorting, 13 num: 49, 78 
0 sorting, 14 num: 56, 91 
0 sorting, 15 num: 56, 105 
0 sorting, 16 num: 57, 120 
0 sorting, 17 num: 64, 136 
0 sorting, 18 num: 71, 153 
0 sorting, 19 num: 89, 171 
0 sorting, 20 num: 99, 190 
0 sorting, 21 num: 119, 210 
0 sorting, 22 num: 137, 231 
0 sorting, 23 num: 158, 253 
0 sorting, 24 num: 162, 276 
0 sorting, 25 num: 183, 300 
0 sorting, 26 num: 198, 325 
0 sorting, 27 num: 223, 351 
0 sorting, 28 num: 249, 378 
0 sorting, 29 num: 249, 406 
0 sorting, 30 num: 271, 435 
0 sorting, 31 num: 286, 465 
0 sorting, 32 num: 291, 496 
0 sorting, 33 num: 304, 528 
0 sorting, 34 num: 327, 561 
0 sorting, 35 num: 338, 595 
0 sorting, 36 num: 355, 630 
0 sorting, 37 num: 375, 666 
0 sorting, 38 num: 376, 703 
0 sorting, 39 num: 404, 741 
0 sorting, 40 num: 414, 780 
0 sorting, 41 num: 433, 820 
0 sorting, 42 num: 444, 861 
0 sorting, 43 num: 471, 903 
0 sorting, 44 num: 476, 946 
0 sorting, 45 num: 510, 990 
0 sorting, 46 num: 541, 1035 
0 sorting, 47 num: 549, 1081 
0 sorting, 48 num: 552, 1128 
0 sorting, 49 num: 599, 1176 
0 sorting, 50 num: 602, 1225 
0 sorting, 51 num: 627, 1275 
0 sorting, 52 num: 676, 1326 
0 sorting, 53 num: 720, 1378 
0 sorting, 54 num: 738, 1431 
0 sorting, 55 num: 746, 1485 
0 sorting, 56 num: 784, 1540 
0 sorting, 57 num: 839, 1596 
0 sorting, 58 num: 895, 1653 
0 sorting, 59 num: 928, 1711 
0 sorting, 60 num: 985, 1770 
0 sorting, 61 num: 1031, 1830 
0 sorting, 62 num: 1033, 1891 
0 sorting, 63 num: 1041, 1953 
0 sorting, 64 num: 1052, 2016 
0 sorting, 65 num: 1100, 2080 
0 sorting, 66 num: 1129, 2145 
0 sorting, 67 num: 1170, 2211 
0 sorting, 68 num: 1191, 2278 
0 sorting, 69 num: 1227, 2346 
0 sorting, 70 num: 1250, 2415 
0 sorting, 71 num: 1282, 2485 
0 sorting, 72 num: 1351, 2556 
0 sorting, 73 num: 1393, 2628 
0 sorting, 74 num: 1398, 2701 
0 sorting, 75 num: 1404, 2775 
0 sorting, 76 num: 1428, 2850 
0 sorting, 77 num: 1484, 2926 
0 sorting, 78 num: 1508, 3003 
0 sorting, 79 num: 1537, 3081 
0 sorting, 80 num: 1590, 3160 
0 sorting, 81 num: 1617, 3240 
0 sorting, 82 num: 1686, 3321 
0 sorting, 83 num: 1734, 3403 
0 sorting, 84 num: 1747, 3486 
0 sorting, 85 num: 1764, 3570 
0 sorting, 86 num: 1825, 3655 
0 sorting, 87 num: 1895, 3741 
0 sorting, 88 num: 1906, 3828 
0 sorting, 89 num: 1966, 3916 
0 sorting, 90 num: 1997, 4005 
0 sorting, 91 num: 2000, 4095 
0 sorting, 92 num: 2041, 4186 
0 sorting, 93 num: 2076, 4278 
0 sorting, 94 num: 2092, 4371 
0 sorting, 95 num: 2149, 4465 
0 sorting, 96 num: 2157, 4560 
0 sorting, 97 num: 2219, 4656 
0 sorting, 98 num: 2241, 4753 
0 sorting, 99 num: 2277, 4851 
0 sorting, 100 num: 2289, 4950 
0 sorting, 101 num: 2347, 5050 
0 sorting, 102 num: 2433, 5151 
0 sorting, 103 num: 2438, 5253 
0 sorting, 104 num: 2448, 5356 
0 sorting, 105 num: 2541, 5460 
0 sorting, 106 num: 2560, 5565 
0 sorting, 107 num: 2604, 5671 
0 sorting, 108 num: 2672, 5778 
0 sorting, 109 num: 2721, 5886 
0 sorting, 110 num: 2807, 5995 
0 sorting, 111 num: 2837, 6105 
0 sorting, 112 num: 2920, 6216 
0 sorting, 113 num: 2987, 6328 
0 sorting, 114 num: 3082, 6441 
0 sorting, 115 num: 3182, 6555 
0 sorting, 116 num: 3273, 6670 
0 sorting, 117 num: 3327, 6786 
0 sorting, 118 num: 3400, 6903 
0 sorting, 119 num: 3504, 7021 
1 sorting, 0 num: 0, 0 
1 sorting, 1 num: 1, 0 
1 sorting, 2 num: 2, 1 
1 sorting, 3 num: 3, 3 
1 sorting, 4 num: 4, 6 
1 sorting, 5 num: 5, 10 
1 sorting, 6 num: 6, 15 
1 sorting, 7 num: 7, 21 
1 sorting, 8 num: 8, 28 
1 sorting, 9 num: 9, 36 
1 sorting, 10 num: 10, 45 
1 sorting, 11 num: 11, 55 
1 sorting, 12 num: 12, 66 
1 sorting, 13 num: 13, 78 
1 sorting, 14 num: 14, 91 
1 sorting, 15 num: 15, 105 
1 sorting, 16 num: 16, 120 
1 sorting, 17 num: 17, 136 
1 sorting, 18 num: 18, 153 
1 sorting, 19 num: 19, 171 
1 sorting, 20 num: 20, 190 
1 sorting, 21 num: 21, 210 
1 sorting, 22 num: 22, 231 
1 sorting, 23 num: 23, 253 
1 sorting, 24 num: 24, 276 
1 sorting, 25 num: 25, 300 
1 sorting, 26 num: 26, 325 
1 sorting, 27 num: 27, 351 
1 sorting, 28 num: 28, 378 
1 sorting, 29 num: 29, 406 
1 sorting, 30 num: 30, 435 
1 sorting, 31 num: 31, 465 
1 sorting, 32 num: 32, 496 
1 sorting, 33 num: 33, 528 
1 sorting, 34 num: 34, 561 
1 sorting, 35 num: 35, 595 
1 sorting, 36 num: 36, 630 
1 sorting, 37 num: 37, 666 
1 sorting, 38 num: 38, 703 
1 sorting, 39 num: 39, 741 
1 sorting, 40 num: 40, 780 
1 sorting, 41 num: 41, 820 
1 sorting, 42 num: 42, 861 
1 sorting, 43 num: 43, 903 
1 sorting, 44 num: 44, 946 
1 sorting, 45 num: 45, 990 
1 sorting, 46 num: 46, 1035 
1 sorting, 47 num: 47, 1081 
1 sorting, 48 num: 48, 1128 
1 sorting, 49 num: 49, 1176 
1 sorting, 50 num: 50, 1225 
1 sorting, 51 num: 51, 1275 
1 sorting, 52 num: 52, 1326 
1 sorting, 53 num: 53, 1378 
1 sorting, 54 num: 54, 1431 
1 sorting, 55 num: 55, 1485 
1 sorting, 56 num: 56, 1540 
1 sorting, 57 num: 57, 1596 
1 sorting, 58 num: 58, 1653 
1 sorting, 59 num: 59, 1711 
1 sorting, 60 num: 60, 1770 
1 sorting, 61 num: 61, 1830 
1 sorting, 62 num: 62, 1891 
1 sorting, 63 num: 63, 1953 
1 sorting, 64 num: 64, 2016 
1 sorting, 65 num: 65, 2080 
1 sorting, 66 num: 66, 2145 
1 sorting, 67 num: 67, 2211 
1 sorting, 68 num: 68, 2278 
1 sorting, 69 num: 69, 2346 
1 sorting, 70 num: 70, 2415 
1 sorting, 71 num: 71, 2485 
1 sorting, 72 num: 72, 2556 
1 sorting, 73 num: 73, 2628 
1 sorting, 74 num: 74, 2701 
1 sorting, 75 num: 75, 2775 
1 sorting, 76 num: 76, 2850 
1 sorting, 77 num: 77, 2926 
1 sorting, 78 num: 78, 3003 
1 sorting, 79 num: 79, 3081 
1 sorting, 80 num: 80, 3160 
1 sorting, 81 num: 81, 3240 
1 sorting, 82 num: 82, 3321 
1 sorting, 83 num: 83, 3403 
1 sorting, 84 num: 84, 3486 
1 sorting, 85 num: 85, 3570 
1 sorting, 86 num: 86, 3655 
1 sorting, 87 num: 87, 3741 
1 sorting, 88 num: 88, 3828 
1 sorting, 89 num: 89, 3916 
1 sorting, 90 num: 90, 4005 
1 sorting, 91 num: 91, 4095 
1 sorting, 92 num: 92, 4186 
1 sorting, 93 num: 93, 4278 
1 sorting, 94 num: 94, 4371 
1 sorting, 95 num: 95, 4465 
1 sorting, 96 num: 96, 4560 
1 sorting, 97 num: 97, 4656 
1 sorting, 98 num: 98, 4753 
1 sorting, 99 num: 99, 4851 
1 sorting, 100 num: 100, 4950 
1 sorting, 101 num: 101, 5050 
1 sorting, 102 num: 102, 5151 
1 sorting, 103 num: 103, 5253 
1 sorting, 104 num: 104, 5356 
1 sorting, 105 num: 105, 5460 
1 sorting, 106 num: 106, 5565 
1 sorting, 107 num: 107, 5671 
1 sorting, 108 num: 108, 5778 
1 sorting, 109 num: 109, 5886 
1 sorting, 110 num: 110, 5995 
1 sorting, 111 num: 111, 6105 
1 sorting, 112 num: 112, 6216 
1 sorting, 113 num: 113, 6328 
1 sorting, 114 num: 114, 6441 
1 sorting, 115 num: 115, 6555 
1 sorting, 116 num: 116, 6670 
1 sorting, 117 num: 117, 6786 
1 sorting, 118 num: 118, 6903 
1 sorting, 119 num: 119, 7021 
0 sorting, 0 num: 0, 0 
0 sorting, 1 num: 0, 0 
0 sorting, 2 num: 0, 1 
0 sorting, 3 num: 2, 3 
0 sorting, 4 num: 5, 6 
0 sorting, 5 num: 5, 10 
0 sorting, 6 num: 9, 15 
0 sorting, 7 num: 13, 21 
0 sorting, 8 num: 16, 28 
0 sorting, 9 num: 20, 36 
0 sorting, 10 num: 26, 45 
0 sorting, 11 num: 31, 55 
0 sorting, 12 num: 32, 66 
0 sorting, 13 num: 34, 78 
0 sorting, 14 num: 40, 91 
0 sorting, 15 num: 51, 105 
0 sorting, 16 num: 54, 120 
0 sorting, 17 num: 65, 136 
0 sorting, 18 num: 77, 153 
0 sorting, 19 num: 81, 171 
0 sorting, 20 num: 90, 190 
0 sorting, 21 num: 92, 210 
0 sorting, 22 num: 109, 231 
0 sorting, 23 num: 131, 253 
0 sorting, 24 num: 142, 276 
0 sorting, 25 num: 145, 300 
0 sorting, 26 num: 157, 325 
0 sorting, 27 num: 175, 351 
0 sorting, 28 num: 193, 378 
0 sorting, 29 num: 201, 406 
0 sorting, 30 num: 218, 435 
0 sorting, 31 num: 236, 465 
0 sorting, 32 num: 256, 496 
0 sorting, 33 num: 286, 528 
0 sorting, 34 num: 286, 561 
0 sorting, 35 num: 299, 595 
0 sorting, 36 num: 332, 630 
0 sorting, 37 num: 365, 666 
0 sorting, 38 num: 368, 703 
0 sorting, 39 num: 372, 741 
0 sorting, 40 num: 378, 780 
0 sorting, 41 num: 413, 820 
0 sorting, 42 num: 437, 861 
0 sorting, 43 num: 448, 903 
0 sorting, 44 num: 490, 946 
0 sorting, 45 num: 532, 990 
0 sorting, 46 num: 576, 1035 
0 sorting, 47 num: 582, 1081 
0 sorting, 48 num: 603, 1128 
0 sorting, 49 num: 635, 1176 
0 sorting, 50 num: 656, 1225 
0 sorting, 51 num: 693, 1275 
0 sorting, 52 num: 731, 1326 
0 sorting, 53 num: 736, 1378 
0 sorting, 54 num: 773, 1431 
0 sorting, 55 num: 780, 1485 
0 sorting, 56 num: 797, 1540 
0 sorting, 57 num: 799, 1596 
0 sorting, 58 num: 848, 1653 
0 sorting, 59 num: 903, 1711 
0 sorting, 60 num: 924, 1770 
0 sorting, 61 num: 940, 1830 
0 sorting, 62 num: 969, 1891 
0 sorting, 63 num: 1027, 1953 
0 sorting, 64 num: 1090, 2016 
0 sorting, 65 num: 1122, 2080 
0 sorting, 66 num: 1132, 2145 
0 sorting, 67 num: 1189, 2211 
0 sorting, 68 num: 1202, 2278 
0 sorting, 69 num: 1218, 2346 
0 sorting, 70 num: 1281, 2415 
0 sorting, 71 num: 1310, 2485 
0 sorting, 72 num: 1379, 2556 
0 sorting, 73 num: 1408, 2628 
0 sorting, 74 num: 1453, 2701 
0 sorting, 75 num: 1522, 2775 
0 sorting, 76 num: 1533, 2850 
0 sorting, 77 num: 1578, 2926 
0 sorting, 78 num: 1583, 3003 
0 sorting, 79 num: 1630, 3081 
0 sorting, 80 num: 1642, 3160 
0 sorting, 81 num: 1683, 3240 
0 sorting, 82 num: 1705, 3321 
0 sorting, 83 num: 1780, 3403 
0 sorting, 84 num: 1827, 3486 
0 sorting, 85 num: 1906, 3570 
0 sorting, 86 num: 1990, 3655 
0 sorting, 87 num: 2062, 3741 
0 sorting, 88 num: 2146, 3828 
0 sorting, 89 num: 2210, 3916 
0 sorting, 90 num: 2268, 4005 
0 sorting, 91 num: 2294, 4095 
0 sorting, 92 num: 2382, 4186 
0 sorting, 93 num: 2389, 4278 
0 sorting, 94 num: 2399, 4371 
0 sorting, 95 num: 2488, 4465 
0 sorting, 96 num: 2535, 4560 
0 sorting, 97 num: 2562, 4656 
0 sorting, 98 num: 2633, 4753 
0 sorting, 99 num: 2696, 4851 
0 sorting, 100 num: 2744, 4950 
0 sorting, 101 num: 2803, 5050 
0 sorting, 102 num: 2804, 5151 
0 sorting, 103 num: 2851, 5253 
0 sorting, 104 num: 2944, 5356 
0 sorting, 105 num: 3007, 5460 
0 sorting, 106 num: 3044, 5565 
0 sorting, 107 num: 3053, 5671 
0 sorting, 108 num: 3068, 5778 
0 sorting, 109 num: 3114, 5886 
0 sorting, 110 num: 3181, 5995 
0 sorting, 111 num: 3219, 6105 
0 sorting, 112 num: 3313, 6216 
0 sorting, 113 num: 3411, 6328 
0 sorting, 114 num: 3433, 6441 
0 sorting, 115 num: 3473, 6555 
0 sorting, 116 num: 3565, 6670 
0 sorting, 117 num: 3585, 6786 
0 sorting, 118 num: 3598, 6903 
0 sorting, 119 num: 3685, 7021 
1 sorting, 0 num: 0, 0 
1 sorting, 1 num: 1, 0 
1 sorting, 2 num: 2, 1 
1 sorting, 3 num: 3, 3 
1 sorting, 4 num: 4, 6 
1 sorting, 5 num: 5, 10 
1 sorting, 6 num: 6, 15 
1 sorting, 7 num: 7, 21 
1 sorting, 8 num: 8, 28 
1 sorting, 9 num: 9, 36 
1 sorting, 10 num: 10, 45 
1 sorting, 11 num: 11, 55 
1 sorting, 12 num: 12, 66 
1 sorting, 13 num: 13, 78 
1 sorting, 14 num: 14, 91 
1 sorting, 15 num: 15, 105 
1 sorting, 16 num: 16, 120 
1 sorting, 17 num: 17, 136 
1 sorting, 18 num: 18, 153 
1 sorting, 19 num: 19, 171 
1 sorting, 20 num: 20, 190 
1 sorting, 21 num: 21, 210 
1 sorting, 22 num: 22, 231 
1 sorting, 23 num: 23, 253 
1 sorting, 24 num: 24, 276 
1 sorting, 25 num: 25, 300 
1 sorting, 26 num: 26, 325 
1 sorting, 27 num: 27, 351 
1 sorting, 28 num: 28, 378 
1 sorting, 29 num: 29, 406 
1 sorting, 30 num: 30, 435 
1 sorting, 31 num: 31, 465 
1 sorting, 32 num: 32, 496 
1 sorting, 33 num: 33, 528 
1 sorting, 34 num: 34, 561 
1 sorting, 35 num: 35, 595 
1 sorting, 36 num: 36, 630 
1 sorting, 37 num: 37, 666 
1 sorting, 38 num: 38, 703 
1 sorting, 39 num: 39, 741 
1 sorting, 40 num: 40, 780 
1 sorting, 41 num: 41, 820 
1 sorting, 42 num: 42, 861 
1 sorting, 43 num: 43, 903 
1 sorting, 44 num: 44, 946 
1 sorting, 45 num: 45, 990 
1 sorting, 46 num: 46, 1035 
1 sorting, 47 num: 47, 1081 
1 sorting, 48 num: 48, 1128 
1 sorting, 49 num: 49, 1176 
1 sorting, 50 num: 50, 1225 
1 sorting, 51 num: 51, 1275 
1 sorting, 52 num: 52, 1326 
1 sorting, 53 num: 53, 1378 
1 sorting, 54 num: 54, 1431 
1 sorting, 55 num: 55, 1485 
1 sorting, 56 num: 56, 1540 
1 sorting, 57 num: 57, 1596 
1 sorting, 58 num: 58, 1653 
1 sorting, 59 num: 59, 1711 
1 sorting, 60 num: 60, 1770 
1 sorting, 61 num: 61, 1830 
1 sorting, 62 num: 62, 1891 
1 sorting, 63 num: 63, 1953 
1 sorting, 64 num: 64, 2016 
1 sorting, 65 num: 65, 2080 
1 sorting, 66 num: 66, 2145 
1 sorting, 67 num: 67, 2211 
1 sorting, 68 num: 68, 2278 
1 sorting, 69 num: 69, 2346 
1 sorting, 70 num: 70, 2415 
1 sorting, 71 num: 71, 2485 
1 sorting, 72 num: 72, 2556 
1 sorting, 73 num: 73, 2628 
1 sorting, 74 num: 74, 2701 
1 sorting, 75 num: 75, 2775 
1 sorting, 76 num: 76, 2850 
1 sorting, 77 num: 77, 2926 
1 sorting, 78 num: 78, 3003 
1 sorting, 79 num: 79, 3081 
1 sorting, 80 num: 80, 3160 
1 sorting, 81 num: 81, 3240 
1 sorting, 82 num: 82, 3321 
1 sorting, 83 num: 83, 3403 
1 sorting, 84 num: 84, 3486 
1 sorting, 85 num: 85, 3570 
1 sorting, 86 num: 86, 3655 
1 sorting, 87 num: 87, 3741 
1 sorting, 88 num: 88, 3828 
1 sorting, 89 num: 89, 3916 
1 sorting, 90 num: 90, 4005 
1 sorting, 91 num: 91, 4095 
1 sorting, 92 num: 92, 4186 
1 sorting, 93 num: 93, 4278 
1 sorting, 94 num: 94, 4371 
1 sorting, 95 num: 95, 4465 
1 sorting, 96 num: 96, 4560 
1 sorting, 97 num: 97, 4656 
1 sorting, 98 num: 98, 4753 
1 sorting, 99 num: 99, 4851 
1 sorting, 100 num: 100, 4950 
1 sorting, 101 num: 101, 5050 
1 sorting, 102 num: 102, 5151 
1 sorting, 103 num: 103, 5253 
1 sorting, 104 num: 104, 5356 
1 sorting, 105 num: 105, 5460 
1 sorting, 106 num: 106, 5565 
1 sorting, 107 num: 107, 5671 
1 sorting, 108 num: 108, 5778 
1 sorting, 109 num: 109, 5886 
1 sorting, 110 num: 110, 5995 
1 sorting, 111 num: 111, 6105 
1 sorting, 112 num: 112, 6216 
1 sorting, 113 num: 113, 6328 
1 sorting, 114 num: 114, 6441 
1 sorting, 115 num: 115, 6555 
1 sorting, 116 num: 116, 6670 
1 sorting, 117 num: 117, 6786 
1 sorting, 118 num: 118, 6903 
1 sorting, 119 num: 119, 7021 
